Determining if the pthread_create exist failed with the following output:
Change Dir: /mnt/c/Users/TimT5/OneDrive/2016-2017/Fall 2017/6.837/Project/build/CMakeFiles/CMakeTmp

Run Build Command:"/usr/bin/make" "cmTC_658ae/fast"
/usr/bin/make -f CMakeFiles/cmTC_658ae.dir/build.make CMakeFiles/cmTC_658ae.dir/build
make[1]: Entering directory '/mnt/c/Users/TimT5/OneDrive/2016-2017/Fall 2017/6.837/Project/build/CMakeFiles/CMakeTmp'
Building C object CMakeFiles/cmTC_658ae.dir/CheckSymbolExists.c.o
/usr/bin/cc     -o CMakeFiles/cmTC_658ae.dir/CheckSymbolExists.c.o   -c "/mnt/c/Users/TimT5/OneDrive/2016-2017/Fall 2017/6.837/Project/build/CMakeFiles/CMakeTmp/CheckSymbolExists.c"
Linking C executable cmTC_658ae
/usr/bin/cmake -E cmake_link_script CMakeFiles/cmTC_658ae.dir/link.txt --verbose=1
/usr/bin/cc       CMakeFiles/cmTC_658ae.dir/CheckSymbolExists.c.o  -o cmTC_658ae -rdynamic 
CMakeFiles/cmTC_658ae.dir/CheckSymbolExists.c.o: In function `main':
CheckSymbolExists.c:(.text+0x16): undefined reference to `pthread_create'
collect2: error: ld returned 1 exit status
CMakeFiles/cmTC_658ae.dir/build.make:97: recipe for target 'cmTC_658ae' failed
make[1]: *** [cmTC_658ae] Error 1
make[1]: Leaving directory '/mnt/c/Users/TimT5/OneDrive/2016-2017/Fall 2017/6.837/Project/build/CMakeFiles/CMakeTmp'
Makefile:126: recipe for target 'cmTC_658ae/fast' failed
make: *** [cmTC_658ae/fast] Error 2

File /mnt/c/Users/TimT5/OneDrive/2016-2017/Fall 2017/6.837/Project/build/CMakeFiles/CMakeTmp/CheckSymbolExists.c:
/* */
#include <pthread.h>

int main(int argc, char** argv)
{
  (void)argv;
#ifndef pthread_create
  return ((int*)(&pthread_create))[argc];
#else
  (void)argc;
  return 0;
#endif
}

Determining if the function pthread_create exists in the pthreads failed with the following output:
Change Dir: /mnt/c/Users/TimT5/OneDrive/2016-2017/Fall 2017/6.837/Project/build/CMakeFiles/CMakeTmp

Run Build Command:"/usr/bin/make" "cmTC_d847e/fast"
/usr/bin/make -f CMakeFiles/cmTC_d847e.dir/build.make CMakeFiles/cmTC_d847e.dir/build
make[1]: Entering directory '/mnt/c/Users/TimT5/OneDrive/2016-2017/Fall 2017/6.837/Project/build/CMakeFiles/CMakeTmp'
Building C object CMakeFiles/cmTC_d847e.dir/CheckFunctionExists.c.o
/usr/bin/cc    -DCHECK_FUNCTION_EXISTS=pthread_create   -o CMakeFiles/cmTC_d847e.dir/CheckFunctionExists.c.o   -c /usr/share/cmake-3.5/Modules/CheckFunctionExists.c
Linking C executable cmTC_d847e
/usr/bin/cmake -E cmake_link_script CMakeFiles/cmTC_d847e.dir/link.txt --verbose=1
/usr/bin/cc   -DCHECK_FUNCTION_EXISTS=pthread_create    CMakeFiles/cmTC_d847e.dir/CheckFunctionExists.c.o  -o cmTC_d847e -rdynamic -lpthreads 
/usr/bin/ld: cannot find -lpthreads
collect2: error: ld returned 1 exit status
CMakeFiles/cmTC_d847e.dir/build.make:97: recipe for target 'cmTC_d847e' failed
make[1]: *** [cmTC_d847e] Error 1
make[1]: Leaving directory '/mnt/c/Users/TimT5/OneDrive/2016-2017/Fall 2017/6.837/Project/build/CMakeFiles/CMakeTmp'
Makefile:126: recipe for target 'cmTC_d847e/fast' failed
make: *** [cmTC_d847e/fast] Error 2


